c:\of_v0.12.0_vs_release\of_v0.12.0_vs_release\apps\myapps\barnes-hut-n-body-simulation\thing\addons\ofxgui\src\debug\ofxtoggle.obj
c:\of_v0.12.0_vs_release\of_v0.12.0_vs_release\apps\myapps\barnes-hut-n-body-simulation\thing\addons\ofxgui\src\debug\ofxinputfield.obj
c:\of_v0.12.0_vs_release\of_v0.12.0_vs_release\apps\myapps\barnes-hut-n-body-simulation\thing\addons\ofxgui\src\debug\ofxlabel.obj
c:\of_v0.12.0_vs_release\of_v0.12.0_vs_release\apps\myapps\barnes-hut-n-body-simulation\thing\addons\ofxgui\src\debug\ofxbasegui.obj
c:\of_v0.12.0_vs_release\of_v0.12.0_vs_release\apps\myapps\barnes-hut-n-body-simulation\thing\addons\ofxgui\src\debug\ofxpanel.obj
c:\of_v0.12.0_vs_release\of_v0.12.0_vs_release\apps\myapps\barnes-hut-n-body-simulation\thing\addons\ofxgui\src\debug\ofxslidergroup.obj
c:\of_v0.12.0_vs_release\of_v0.12.0_vs_release\apps\myapps\barnes-hut-n-body-simulation\thing\addons\ofxgui\src\debug\ofxguigroup.obj
c:\of_v0.12.0_vs_release\of_v0.12.0_vs_release\apps\myapps\barnes-hut-n-body-simulation\thing\addons\ofxgui\src\debug\ofxbutton.obj
c:\of_v0.12.0_vs_release\of_v0.12.0_vs_release\apps\myapps\barnes-hut-n-body-simulation\thing\addons\ofxgui\src\debug\ofxslider.obj
c:\of_v0.12.0_vs_release\of_v0.12.0_vs_release\apps\myapps\barnes-hut-n-body-simulation\thing\addons\ofxgui\src\debug\ofxcolorpicker.obj
c:\of_v0.12.0_vs_release\of_v0.12.0_vs_release\apps\myapps\barnes-hut-n-body-simulation\thing\obj\x64\debug\build\src\debug\ofapp.obj
c:\of_v0.12.0_vs_release\of_v0.12.0_vs_release\apps\myapps\barnes-hut-n-body-simulation\thing\obj\x64\debug\build\src\debug\main.obj
c:\of_v0.12.0_vs_release\of_v0.12.0_vs_release\apps\myapps\barnes-hut-n-body-simulation\thing\obj\x64\debug\vc142.pdb
c:\of_v0.12.0_vs_release\of_v0.12.0_vs_release\apps\myapps\barnes-hut-n-body-simulation\thing\obj\x64\debug\icon.res
c:\of_v0.12.0_vs_release\of_v0.12.0_vs_release\apps\myapps\barnes-hut-n-body-simulation\thing\obj\x64\debug\thing.tlog\cl.10032.write.1.tlog
c:\of_v0.12.0_vs_release\of_v0.12.0_vs_release\apps\myapps\barnes-hut-n-body-simulation\thing\obj\x64\debug\thing.tlog\cl.command.1.tlog
c:\of_v0.12.0_vs_release\of_v0.12.0_vs_release\apps\myapps\barnes-hut-n-body-simulation\thing\obj\x64\debug\thing.tlog\cl.read.1.tlog
c:\of_v0.12.0_vs_release\of_v0.12.0_vs_release\apps\myapps\barnes-hut-n-body-simulation\thing\obj\x64\debug\thing.tlog\link-cvtres.read.1.tlog
c:\of_v0.12.0_vs_release\of_v0.12.0_vs_release\apps\myapps\barnes-hut-n-body-simulation\thing\obj\x64\debug\thing.tlog\link-cvtres.write.1.tlog
c:\of_v0.12.0_vs_release\of_v0.12.0_vs_release\apps\myapps\barnes-hut-n-body-simulation\thing\obj\x64\debug\thing.tlog\link-rc.read.1.tlog
c:\of_v0.12.0_vs_release\of_v0.12.0_vs_release\apps\myapps\barnes-hut-n-body-simulation\thing\obj\x64\debug\thing.tlog\link-rc.write.1.tlog
c:\of_v0.12.0_vs_release\of_v0.12.0_vs_release\apps\myapps\barnes-hut-n-body-simulation\thing\obj\x64\debug\thing.tlog\link.command.1.tlog
c:\of_v0.12.0_vs_release\of_v0.12.0_vs_release\apps\myapps\barnes-hut-n-body-simulation\thing\obj\x64\debug\thing.tlog\link.read.1.tlog
c:\of_v0.12.0_vs_release\of_v0.12.0_vs_release\apps\myapps\barnes-hut-n-body-simulation\thing\obj\x64\debug\thing.tlog\link.read.2.tlog
c:\of_v0.12.0_vs_release\of_v0.12.0_vs_release\apps\myapps\barnes-hut-n-body-simulation\thing\obj\x64\debug\thing.tlog\link.write.1.tlog
c:\of_v0.12.0_vs_release\of_v0.12.0_vs_release\apps\myapps\barnes-hut-n-body-simulation\thing\obj\x64\debug\thing.tlog\rc.command.1.tlog
c:\of_v0.12.0_vs_release\of_v0.12.0_vs_release\apps\myapps\barnes-hut-n-body-simulation\thing\obj\x64\debug\thing.tlog\rc.read.1.tlog
c:\of_v0.12.0_vs_release\of_v0.12.0_vs_release\apps\myapps\barnes-hut-n-body-simulation\thing\obj\x64\debug\thing.tlog\rc.write.1.tlog
